<?xml version="1.0" encoding="UTF-8"?>
<!-- Generated by org.testng.reporters.JUnitReportReporter -->
<testsuite hostname="QSpiders" failures="0" tests="1" name="TestNg.Report" time="0.028" errors="0" timestamp="2026-06-18T14:49:26 IST" skipped="0">
  <testcase classname="TestNg.Report" name="report" time="0.028">
    <system-out>
      <![CDATA[Hello
Bye]]>
    </system-out>
  </testcase> <!-- report -->
  <system-out>
    <![CDATA[Hello
Bye]]>
  </system-out>
</testsuite> <!-- TestNg.Report -->
