<?xml version="1.0" encoding="UTF-8"?>
<!-- Generated by org.testng.reporters.JUnitReportReporter -->
<testsuite hostname="QSpiders" failures="0" tests="3" name="TestNg.CrossBrowser" time="62.466" errors="0" timestamp="2026-06-19T12:14:16 IST" skipped="0">
  <testcase classname="TestNg.CrossBrowser" name="cross" time="19.200"/>
  <testcase classname="TestNg.CrossBrowser" name="cross" time="19.748"/>
  <testcase classname="TestNg.CrossBrowser" name="cross" time="23.518"/>
</testsuite> <!-- TestNg.CrossBrowser -->
