<?xml version="1.0" encoding="UTF-8"?>
<!-- Generated by org.testng.reporters.JUnitReportReporter -->
<testsuite hostname="QSpiders" failures="0" tests="3" name="TestNg.Enabled" time="13.438" errors="0" timestamp="2026-06-18T12:42:26 IST" skipped="1">
  <testcase classname="TestNg.Enabled" name="register" time="7.373"/>
  <testcase classname="TestNg.Enabled" name="logout" time="6.065"/>
  <testcase classname="TestNg.Enabled" name="login">
    <skipped/>
  </testcase> <!-- login -->
</testsuite> <!-- TestNg.Enabled -->
