<?xml version="1.0" encoding="UTF-8"?>
<!-- Generated by org.testng.reporters.JUnitReportReporter -->
<testsuite hostname="QSpiders" failures="0" tests="5" name="TestNg.InvocationCount" time="111.700" errors="0" timestamp="2026-06-18T12:40:37 IST" skipped="0">
  <testcase classname="TestNg.InvocationCount" name="register" time="23.711"/>
  <testcase classname="TestNg.InvocationCount" name="register" time="22.120"/>
  <testcase classname="TestNg.InvocationCount" name="register" time="21.675"/>
  <testcase classname="TestNg.InvocationCount" name="register" time="22.153"/>
  <testcase classname="TestNg.InvocationCount" name="register" time="22.041"/>
</testsuite> <!-- TestNg.InvocationCount -->
