<?xml version="1.0" encoding="UTF-8"?>
<!-- Generated by org.testng.reporters.JUnitReportReporter -->
<testsuite hostname="QSpiders" failures="0" tests="4" name="TestNg.Groups" time="31.141" errors="0" timestamp="2026-06-19T12:45:32 IST" skipped="0">
  <testcase classname="TestNg.Groups" name="delete" time="8.503"/>
  <testcase classname="TestNg.Groups" name="register" time="7.401"/>
  <testcase classname="TestNg.Groups" name="logout" time="8.399"/>
  <testcase classname="TestNg.Groups" name="login" time="6.838"/>
</testsuite> <!-- TestNg.Groups -->
