<?xml version="1.0" encoding="UTF-8"?>
<!-- Generated by org.testng.reporters.JUnitXMLReporter -->
<testsuite ignored="0" hostname="QSpiders" failures="0" tests="4" name="Default test" time="31.22" errors="0" timestamp="2026-06-19T12:42:26 IST">
  <testcase classname="TestNg.Groups" name="delete" time="10.477"/>
  <testcase classname="TestNg.Groups" name="login" time="6.794"/>
  <testcase classname="TestNg.Groups" name="logout" time="7.193"/>
  <testcase classname="TestNg.Groups" name="register" time="6.681"/>
</testsuite> <!-- Default test -->
