<?xml version="1.0" encoding="UTF-8"?>
<!-- Generated by org.testng.reporters.JUnitXMLReporter -->
<testsuite ignored="0" hostname="QSpiders" failures="0" tests="4" name="Test" time="31.258" errors="0" timestamp="2026-06-19T12:45:31 IST">
  <testcase classname="TestNg.Groups" name="logout" time="8.399"/>
  <testcase classname="TestNg.Groups" name="register" time="7.401"/>
  <testcase classname="TestNg.Groups" name="delete" time="8.503"/>
  <testcase classname="TestNg.Groups" name="login" time="6.838"/>
</testsuite> <!-- Test -->
