<?xml version="1.0" encoding="UTF-8"?>
<testng-results ignored="0" total="4" passed="4" failed="0" skipped="0">
  <reporter-output>
  </reporter-output>
  <suite started-at="2026-06-19T12:45:00 IST" name="Suite" finished-at="2026-06-19T12:45:31 IST" duration-ms="31258">
    <groups>
      <group name="system">
        <method signature="Groups.delete()[pri:0, instance:TestNg.Groups@2f4948e4]" name="delete" class="TestNg.Groups"/>
        <method signature="Groups.login()[pri:0, instance:TestNg.Groups@2f4948e4]" name="login" class="TestNg.Groups"/>
      </group> <!-- system -->
      <group name="regression">
        <method signature="Groups.logout()[pri:0, instance:TestNg.Groups@2f4948e4]" name="logout" class="TestNg.Groups"/>
        <method signature="Groups.register()[pri:0, instance:TestNg.Groups@2f4948e4]" name="register" class="TestNg.Groups"/>
      </group> <!-- regression -->
    </groups>
    <test started-at="2026-06-19T12:45:00 IST" name="Test" finished-at="2026-06-19T12:45:31 IST" duration-ms="31258">
      <class name="TestNg.Groups">
        <test-method signature="logout()[pri:0, instance:TestNg.Groups@2f4948e4]" started-at="2026-06-19T12:45:00 IST" name="logout" finished-at="2026-06-19T12:45:08 IST" duration-ms="8399" status="PASS">
          <reporter-output>
          </reporter-output>
        </test-method> <!-- logout -->
        <test-method signature="register()[pri:0, instance:TestNg.Groups@2f4948e4]" started-at="2026-06-19T12:45:08 IST" name="register" finished-at="2026-06-19T12:45:16 IST" duration-ms="7401" status="PASS">
          <reporter-output>
          </reporter-output>
        </test-method> <!-- register -->
        <test-method signature="delete()[pri:0, instance:TestNg.Groups@2f4948e4]" started-at="2026-06-19T12:45:16 IST" name="delete" depends-on-groups="regression" finished-at="2026-06-19T12:45:24 IST" duration-ms="8503" status="PASS">
          <reporter-output>
          </reporter-output>
        </test-method> <!-- delete -->
        <test-method signature="login()[pri:0, instance:TestNg.Groups@2f4948e4]" started-at="2026-06-19T12:45:24 IST" name="login" depends-on-groups="regression" finished-at="2026-06-19T12:45:31 IST" duration-ms="6838" status="PASS">
          <reporter-output>
          </reporter-output>
        </test-method> <!-- login -->
      </class> <!-- TestNg.Groups -->
    </test> <!-- Test -->
  </suite> <!-- Suite -->
</testng-results>
